<?xml version="1.0" encoding="UTF-8"?>
<testsuite xmlns:xsi="http://www.w3.org/2001/XMLSchema-instance" xsi:noNamespaceSchemaLocation="https://maven.apache.org/surefire/maven-surefire-plugin/xsd/surefire-test-report.xsd" name="com.capgemini.tasklist.general.common.base.Devon4jPackageCheckTest" time="0.278" tests="1" errors="0" skipped="0" failures="0">
  <properties>
    <property name="sun.desktop" value="windows"/>
    <property name="awt.toolkit" value="sun.awt.windows.WToolkit"/>
    <property name="file.encoding.pkg" value="sun.io"/>
    <property name="java.specification.version" value="1.8"/>
    <property name="sun.cpu.isalist" value="amd64"/>
    <property name="sun.jnu.encoding" value="Cp1252"/>
    <property name="java.class.path" value="C:\Devon-dist_3.0.0\workspaces\tasklist\tasklist\core\target\test-classes;C:\Devon-dist_3.0.0\workspaces\tasklist\tasklist\core\target\classes;C:\Devon-dist_3.0.0\workspaces\tasklist\tasklist\api\target\tasklist-api-v1.jar;C:\Devon-dist_3.0.0\conf\.m2\repository\org\springframework\data\spring-data-commons\2.0.9.RELEASE\spring-data-commons-2.0.9.RELEASE.jar;C:\Devon-dist_3.0.0\conf\.m2\repository\com\devonfw\java\modules\devon4j-rest\3.0.0\devon4j-rest-3.0.0.jar;C:\Devon-dist_3.0.0\conf\.m2\repository\com\fasterxml\jackson\jaxrs\jackson-jaxrs-json-provider\2.9.6\jackson-jaxrs-json-provider-2.9.6.jar;C:\Devon-dist_3.0.0\conf\.m2\repository\com\fasterxml\jackson\jaxrs\jackson-jaxrs-base\2.9.6\jackson-jaxrs-base-2.9.6.jar;C:\Devon-dist_3.0.0\conf\.m2\repository\com\fasterxml\jackson\module\jackson-module-jaxb-annotations\2.9.6\jackson-module-jaxb-annotations-2.9.6.jar;C:\Devon-dist_3.0.0\conf\.m2\repository\javax\ws\rs\javax.ws.rs-api\2.1\javax.ws.rs-api-2.1.jar;C:\Devon-dist_3.0.0\conf\.m2\repository\com\devonfw\java\modules\devon4j-service\3.0.0\devon4j-service-3.0.0.jar;C:\Devon-dist_3.0.0\conf\.m2\repository\com\devonfw\java\modules\devon4j-json\3.0.0\devon4j-json-3.0.0.jar;C:\Devon-dist_3.0.0\conf\.m2\repository\net\sf\m-m-m\mmm-util-validation\7.6.1\mmm-util-validation-7.6.1.jar;C:\Devon-dist_3.0.0\conf\.m2\repository\net\sf\m-m-m\mmm-util-pojopath\7.6.1\mmm-util-pojopath-7.6.1.jar;C:\Devon-dist_3.0.0\conf\.m2\repository\net\sf\m-m-m\mmm-util-value\7.6.1\mmm-util-value-7.6.1.jar;C:\Devon-dist_3.0.0\conf\.m2\repository\net\sf\m-m-m\mmm-util-pojo\7.6.1\mmm-util-pojo-7.6.1.jar;C:\Devon-dist_3.0.0\conf\.m2\repository\net\sf\m-m-m\mmm-util-reflect\7.6.1\mmm-util-reflect-7.6.1.jar;C:\Devon-dist_3.0.0\conf\.m2\repository\net\sf\m-m-m\mmm-util-collection\7.6.1\mmm-util-collection-7.6.1.jar;C:\Devon-dist_3.0.0\conf\.m2\repository\net\sf\m-m-m\mmm-util-math\7.6.1\mmm-util-math-7.6.1.jar;C:\Devon-dist_3.0.0\conf\.m2\repository\net\sf\m-m-m\mmm-util-lang\7.6.1\mmm-util-lang-7.6.1.jar;C:\Devon-dist_3.0.0\conf\.m2\repository\net\sf\m-m-m\mmm-util-exception\7.6.1\mmm-util-exception-7.6.1.jar;C:\Devon-dist_3.0.0\conf\.m2\repository\net\sf\m-m-m\mmm-util-nls\7.6.1\mmm-util-nls-7.6.1.jar;C:\Devon-dist_3.0.0\conf\.m2\repository\net\sf\m-m-m\mmm-util-text\7.6.1\mmm-util-text-7.6.1.jar;C:\Devon-dist_3.0.0\conf\.m2\repository\net\sf\m-m-m\mmm-util-date\7.6.1\mmm-util-date-7.6.1.jar;C:\Devon-dist_3.0.0\conf\.m2\repository\net\sf\m-m-m\mmm-util-scanner\7.6.1\mmm-util-scanner-7.6.1.jar;C:\Devon-dist_3.0.0\conf\.m2\repository\net\sf\m-m-m\mmm-util-session\7.6.1\mmm-util-session-7.6.1.jar;C:\Devon-dist_3.0.0\conf\.m2\repository\org\glassfish\web\javax.el\2.2.6\javax.el-2.2.6.jar;C:\Devon-dist_3.0.0\conf\.m2\repository\com\devonfw\java\modules\devon4j-logging\3.0.0\devon4j-logging-3.0.0.jar;C:\Devon-dist_3.0.0\conf\.m2\repository\ch\qos\logback\logback-classic\1.2.3\logback-classic-1.2.3.jar;C:\Devon-dist_3.0.0\conf\.m2\repository\ch\qos\logback\logback-core\1.2.3\logback-core-1.2.3.jar;C:\Devon-dist_3.0.0\conf\.m2\repository\org\slf4j\jcl-over-slf4j\1.7.25\jcl-over-slf4j-1.7.25.jar;C:\Devon-dist_3.0.0\conf\.m2\repository\org\apache\httpcomponents\httpclient\4.5.6\httpclient-4.5.6.jar;C:\Devon-dist_3.0.0\conf\.m2\repository\org\apache\httpcomponents\httpcore\4.4.10\httpcore-4.4.10.jar;C:\Devon-dist_3.0.0\conf\.m2\repository\commons-codec\commons-codec\1.11\commons-codec-1.11.jar;C:\Devon-dist_3.0.0\conf\.m2\repository\com\devonfw\java\modules\devon4j-beanmapping\3.0.0\devon4j-beanmapping-3.0.0.jar;C:\Devon-dist_3.0.0\conf\.m2\repository\com\devonfw\java\modules\devon4j-basic\3.0.0\devon4j-basic-3.0.0.jar;C:\Devon-dist_3.0.0\conf\.m2\repository\net\sf\dozer\dozer\5.5.1\dozer-5.5.1.jar;C:\Devon-dist_3.0.0\conf\.m2\repository\commons-beanutils\commons-beanutils\1.9.1\commons-beanutils-1.9.1.jar;C:\Devon-dist_3.0.0\conf\.m2\repository\commons-collections\commons-collections\3.2.1\commons-collections-3.2.1.jar;C:\Devon-dist_3.0.0\conf\.m2\repository\org\apache\commons\commons-lang3\3.7\commons-lang3-3.7.jar;C:\Devon-dist_3.0.0\conf\.m2\repository\javax\inject\javax.inject\1\javax.inject-1.jar;C:\Devon-dist_3.0.0\conf\.m2\repository\com\devonfw\java\modules\devon4j-security\3.0.0\devon4j-security-3.0.0.jar;C:\Devon-dist_3.0.0\conf\.m2\repository\org\springframework\spring-web\5.0.8.RELEASE\spring-web-5.0.8.RELEASE.jar;C:\Devon-dist_3.0.0\conf\.m2\repository\org\springframework\security\spring-security-config\5.0.7.RELEASE\spring-security-config-5.0.7.RELEASE.jar;C:\Devon-dist_3.0.0\conf\.m2\repository\org\springframework\security\spring-security-core\5.0.7.RELEASE\spring-security-core-5.0.7.RELEASE.jar;C:\Devon-dist_3.0.0\conf\.m2\repository\org\springframework\security\spring-security-web\5.0.7.RELEASE\spring-security-web-5.0.7.RELEASE.jar;C:\Devon-dist_3.0.0\conf\.m2\repository\javax\annotation\javax.annotation-api\1.3.2\javax.annotation-api-1.3.2.jar;C:\Devon-dist_3.0.0\conf\.m2\repository\com\fasterxml\jackson\core\jackson-databind\2.9.6\jackson-databind-2.9.6.jar;C:\Devon-dist_3.0.0\conf\.m2\repository\com\fasterxml\jackson\core\jackson-annotations\2.9.0\jackson-annotations-2.9.0.jar;C:\Devon-dist_3.0.0\conf\.m2\repository\com\fasterxml\jackson\core\jackson-core\2.9.6\jackson-core-2.9.6.jar;C:\Devon-dist_3.0.0\conf\.m2\repository\com\devonfw\java\modules\devon4j-web\3.0.0\devon4j-web-3.0.0.jar;C:\Devon-dist_3.0.0\conf\.m2\repository\com\devonfw\java\starters\devon4j-starter-cxf-client-rest\3.0.0\devon4j-starter-cxf-client-rest-3.0.0.jar;C:\Devon-dist_3.0.0\conf\.m2\repository\com\devonfw\java\starters\devon4j-starter-cxf-client\3.0.0\devon4j-starter-cxf-client-3.0.0.jar;C:\Devon-dist_3.0.0\conf\.m2\repository\com\devonfw\java\modules\devon4j-cxf-client\3.0.0\devon4j-cxf-client-3.0.0.jar;C:\Devon-dist_3.0.0\conf\.m2\repository\com\devonfw\java\modules\devon4j-cxf-client-rest\3.0.0\devon4j-cxf-client-rest-3.0.0.jar;C:\Devon-dist_3.0.0\conf\.m2\repository\org\apache\cxf\cxf-rt-rs-client\3.2.5\cxf-rt-rs-client-3.2.5.jar;C:\Devon-dist_3.0.0\conf\.m2\repository\com\devonfw\java\starters\devon4j-starter-cxf-client-ws\3.0.0\devon4j-starter-cxf-client-ws-3.0.0.jar;C:\Devon-dist_3.0.0\conf\.m2\repository\com\devonfw\java\modules\devon4j-cxf-client-ws\3.0.0\devon4j-cxf-client-ws-3.0.0.jar;C:\Devon-dist_3.0.0\conf\.m2\repository\org\apache\cxf\cxf-rt-frontend-jaxws\3.2.5\cxf-rt-frontend-jaxws-3.2.5.jar;C:\Devon-dist_3.0.0\conf\.m2\repository\xml-resolver\xml-resolver\1.2\xml-resolver-1.2.jar;C:\Devon-dist_3.0.0\conf\.m2\repository\org\apache\cxf\cxf-rt-bindings-soap\3.2.5\cxf-rt-bindings-soap-3.2.5.jar;C:\Devon-dist_3.0.0\conf\.m2\repository\org\apache\cxf\cxf-rt-wsdl\3.2.5\cxf-rt-wsdl-3.2.5.jar;C:\Devon-dist_3.0.0\conf\.m2\repository\wsdl4j\wsdl4j\1.6.3\wsdl4j-1.6.3.jar;C:\Devon-dist_3.0.0\conf\.m2\repository\org\apache\cxf\cxf-rt-databinding-jaxb\3.2.5\cxf-rt-databinding-jaxb-3.2.5.jar;C:\Devon-dist_3.0.0\conf\.m2\repository\org\apache\cxf\cxf-rt-bindings-xml\3.2.5\cxf-rt-bindings-xml-3.2.5.jar;C:\Devon-dist_3.0.0\conf\.m2\repository\org\apache\cxf\cxf-rt-frontend-simple\3.2.5\cxf-rt-frontend-simple-3.2.5.jar;C:\Devon-dist_3.0.0\conf\.m2\repository\org\apache\cxf\cxf-rt-ws-addr\3.2.5\cxf-rt-ws-addr-3.2.5.jar;C:\Devon-dist_3.0.0\conf\.m2\repository\org\apache\cxf\cxf-rt-ws-policy\3.2.5\cxf-rt-ws-policy-3.2.5.jar;C:\Devon-dist_3.0.0\conf\.m2\repository\org\apache\neethi\neethi\3.1.1\neethi-3.1.1.jar;C:\Devon-dist_3.0.0\conf\.m2\repository\com\devonfw\java\starters\devon4j-starter-cxf-server-rest\3.0.0\devon4j-starter-cxf-server-rest-3.0.0.jar;C:\Devon-dist_3.0.0\conf\.m2\repository\com\devonfw\java\starters\devon4j-starter-cxf-server\3.0.0\devon4j-starter-cxf-server-3.0.0.jar;C:\Devon-dist_3.0.0\conf\.m2\repository\com\devonfw\java\modules\devon4j-cxf-server\3.0.0\devon4j-cxf-server-3.0.0.jar;C:\Devon-dist_3.0.0\conf\.m2\repository\com\devonfw\java\modules\devon4j-cxf-server-rest\3.0.0\devon4j-cxf-server-rest-3.0.0.jar;C:\Devon-dist_3.0.0\conf\.m2\repository\com\devonfw\java\starters\devon4j-starter-cxf-server-ws\3.0.0\devon4j-starter-cxf-server-ws-3.0.0.jar;C:\Devon-dist_3.0.0\conf\.m2\repository\com\devonfw\java\modules\devon4j-cxf-server-ws\3.0.0\devon4j-cxf-server-ws-3.0.0.jar;C:\Devon-dist_3.0.0\conf\.m2\repository\org\springframework\boot\spring-boot-starter-web-services\2.0.4.RELEASE\spring-boot-starter-web-services-2.0.4.RELEASE.jar;C:\Devon-dist_3.0.0\conf\.m2\repository\org\springframework\spring-oxm\5.0.8.RELEASE\spring-oxm-5.0.8.RELEASE.jar;C:\Devon-dist_3.0.0\conf\.m2\repository\org\springframework\ws\spring-ws-core\3.0.3.RELEASE\spring-ws-core-3.0.3.RELEASE.jar;C:\Devon-dist_3.0.0\conf\.m2\repository\org\springframework\ws\spring-xml\3.0.3.RELEASE\spring-xml-3.0.3.RELEASE.jar;C:\Devon-dist_3.0.0\conf\.m2\repository\commons-io\commons-io\2.5\commons-io-2.5.jar;C:\Devon-dist_3.0.0\conf\.m2\repository\com\devonfw\java\starters\devon4j-starter-spring-data-jpa\3.0.0\devon4j-starter-spring-data-jpa-3.0.0.jar;C:\Devon-dist_3.0.0\conf\.m2\repository\com\devonfw\java\modules\devon4j-jpa-spring-data\3.0.0\devon4j-jpa-spring-data-3.0.0.jar;C:\Devon-dist_3.0.0\conf\.m2\repository\com\devonfw\java\modules\devon4j-jpa-basic\3.0.0\devon4j-jpa-basic-3.0.0.jar;C:\Devon-dist_3.0.0\conf\.m2\repository\org\springframework\data\spring-data-jpa\2.0.9.RELEASE\spring-data-jpa-2.0.9.RELEASE.jar;C:\Devon-dist_3.0.0\conf\.m2\repository\org\springframework\spring-orm\5.0.8.RELEASE\spring-orm-5.0.8.RELEASE.jar;C:\Devon-dist_3.0.0\conf\.m2\repository\org\aspectj\aspectjrt\1.8.13\aspectjrt-1.8.13.jar;C:\Devon-dist_3.0.0\conf\.m2\repository\org\aspectj\aspectjweaver\1.8.13\aspectjweaver-1.8.13.jar;C:\Devon-dist_3.0.0\conf\.m2\repository\org\springframework\boot\spring-boot-starter-data-jpa\2.0.4.RELEASE\spring-boot-starter-data-jpa-2.0.4.RELEASE.jar;C:\Devon-dist_3.0.0\conf\.m2\repository\org\springframework\boot\spring-boot-starter-aop\2.0.4.RELEASE\spring-boot-starter-aop-2.0.4.RELEASE.jar;C:\Devon-dist_3.0.0\conf\.m2\repository\javax\transaction\javax.transaction-api\1.2\javax.transaction-api-1.2.jar;C:\Devon-dist_3.0.0\conf\.m2\repository\org\springframework\spring-aspects\5.0.8.RELEASE\spring-aspects-5.0.8.RELEASE.jar;C:\Devon-dist_3.0.0\conf\.m2\repository\org\springframework\boot\spring-boot-starter-jdbc\2.0.4.RELEASE\spring-boot-starter-jdbc-2.0.4.RELEASE.jar;C:\Devon-dist_3.0.0\conf\.m2\repository\org\springframework\boot\spring-boot-starter\2.0.4.RELEASE\spring-boot-starter-2.0.4.RELEASE.jar;C:\Devon-dist_3.0.0\conf\.m2\repository\org\springframework\boot\spring-boot\2.0.4.RELEASE\spring-boot-2.0.4.RELEASE.jar;C:\Devon-dist_3.0.0\conf\.m2\repository\org\springframework\boot\spring-boot-autoconfigure\2.0.4.RELEASE\spring-boot-autoconfigure-2.0.4.RELEASE.jar;C:\Devon-dist_3.0.0\conf\.m2\repository\org\springframework\boot\spring-boot-starter-logging\2.0.4.RELEASE\spring-boot-starter-logging-2.0.4.RELEASE.jar;C:\Devon-dist_3.0.0\conf\.m2\repository\org\apache\logging\log4j\log4j-to-slf4j\2.10.0\log4j-to-slf4j-2.10.0.jar;C:\Devon-dist_3.0.0\conf\.m2\repository\org\apache\logging\log4j\log4j-api\2.10.0\log4j-api-2.10.0.jar;C:\Devon-dist_3.0.0\conf\.m2\repository\org\slf4j\jul-to-slf4j\1.7.25\jul-to-slf4j-1.7.25.jar;C:\Devon-dist_3.0.0\conf\.m2\repository\org\yaml\snakeyaml\1.19\snakeyaml-1.19.jar;C:\Devon-dist_3.0.0\conf\.m2\repository\com\zaxxer\HikariCP\2.7.9\HikariCP-2.7.9.jar;C:\Devon-dist_3.0.0\conf\.m2\repository\org\springframework\spring-jdbc\5.0.8.RELEASE\spring-jdbc-5.0.8.RELEASE.jar;C:\Devon-dist_3.0.0\conf\.m2\repository\org\springframework\spring-tx\5.0.8.RELEASE\spring-tx-5.0.8.RELEASE.jar;C:\Devon-dist_3.0.0\conf\.m2\repository\org\hibernate\javax\persistence\hibernate-jpa-2.1-api\1.0.2.Final\hibernate-jpa-2.1-api-1.0.2.Final.jar;C:\Devon-dist_3.0.0\conf\.m2\repository\org\hibernate\hibernate-entitymanager\5.2.17.Final\hibernate-entitymanager-5.2.17.Final.jar;C:\Devon-dist_3.0.0\conf\.m2\repository\org\jboss\logging\jboss-logging\3.3.2.Final\jboss-logging-3.3.2.Final.jar;C:\Devon-dist_3.0.0\conf\.m2\repository\org\hibernate\hibernate-core\5.2.17.Final\hibernate-core-5.2.17.Final.jar;C:\Devon-dist_3.0.0\conf\.m2\repository\antlr\antlr\2.7.7\antlr-2.7.7.jar;C:\Devon-dist_3.0.0\conf\.m2\repository\org\jboss\jandex\2.0.3.Final\jandex-2.0.3.Final.jar;C:\Devon-dist_3.0.0\conf\.m2\repository\dom4j\dom4j\1.6.1\dom4j-1.6.1.jar;C:\Devon-dist_3.0.0\conf\.m2\repository\org\hibernate\common\hibernate-commons-annotations\5.0.1.Final\hibernate-commons-annotations-5.0.1.Final.jar;C:\Devon-dist_3.0.0\conf\.m2\repository\org\javassist\javassist\3.22.0-GA\javassist-3.22.0-GA.jar;C:\Devon-dist_3.0.0\conf\.m2\repository\net\bytebuddy\byte-buddy\1.7.11\byte-buddy-1.7.11.jar;C:\Devon-dist_3.0.0\conf\.m2\repository\org\jboss\spec\javax\transaction\jboss-transaction-api_1.2_spec\1.0.1.Final\jboss-transaction-api_1.2_spec-1.0.1.Final.jar;C:\Devon-dist_3.0.0\conf\.m2\repository\com\querydsl\querydsl-jpa\4.1.4\querydsl-jpa-4.1.4.jar;C:\Devon-dist_3.0.0\conf\.m2\repository\com\querydsl\querydsl-core\4.1.4\querydsl-core-4.1.4.jar;C:\Devon-dist_3.0.0\conf\.m2\repository\com\google\guava\guava\17.0\guava-17.0.jar;C:\Devon-dist_3.0.0\conf\.m2\repository\com\google\code\findbugs\jsr305\1.3.9\jsr305-1.3.9.jar;C:\Devon-dist_3.0.0\conf\.m2\repository\com\mysema\commons\mysema-commons-lang\0.2.4\mysema-commons-lang-0.2.4.jar;C:\Devon-dist_3.0.0\conf\.m2\repository\com\infradna\tool\bridge-method-annotation\1.13\bridge-method-annotation-1.13.jar;C:\Devon-dist_3.0.0\conf\.m2\repository\com\querydsl\querydsl-apt\4.1.4\querydsl-apt-4.1.4.jar;C:\Devon-dist_3.0.0\conf\.m2\repository\com\querydsl\querydsl-codegen\4.1.4\querydsl-codegen-4.1.4.jar;C:\Devon-dist_3.0.0\conf\.m2\repository\com\mysema\codegen\codegen\0.6.8\codegen-0.6.8.jar;C:\Devon-dist_3.0.0\conf\.m2\repository\org\eclipse\jdt\core\compiler\ecj\4.3.1\ecj-4.3.1.jar;C:\Devon-dist_3.0.0\conf\.m2\repository\org\reflections\reflections\0.9.9\reflections-0.9.9.jar;C:\Devon-dist_3.0.0\conf\.m2\repository\com\google\code\findbugs\annotations\2.0.1\annotations-2.0.1.jar;C:\Devon-dist_3.0.0\conf\.m2\repository\javax\jdo\jdo-api\3.0.1\jdo-api-3.0.1.jar;C:\Devon-dist_3.0.0\conf\.m2\repository\javax\transaction\jta\1.1\jta-1.1.jar;C:\Devon-dist_3.0.0\conf\.m2\repository\org\hibernate\validator\hibernate-validator\6.0.11.Final\hibernate-validator-6.0.11.Final.jar;C:\Devon-dist_3.0.0\conf\.m2\repository\javax\validation\validation-api\2.0.1.Final\validation-api-2.0.1.Final.jar;C:\Devon-dist_3.0.0\conf\.m2\repository\com\fasterxml\classmate\1.3.4\classmate-1.3.4.jar;C:\Devon-dist_3.0.0\conf\.m2\repository\javax\servlet\javax.servlet-api\3.1.0\javax.servlet-api-3.1.0.jar;C:\Devon-dist_3.0.0\conf\.m2\repository\javax\el\javax.el-api\3.0.0\javax.el-api-3.0.0.jar;C:\Devon-dist_3.0.0\conf\.m2\repository\org\springframework\spring-webmvc\5.0.8.RELEASE\spring-webmvc-5.0.8.RELEASE.jar;C:\Devon-dist_3.0.0\conf\.m2\repository\org\springframework\spring-beans\5.0.8.RELEASE\spring-beans-5.0.8.RELEASE.jar;C:\Devon-dist_3.0.0\conf\.m2\repository\org\springframework\spring-context\5.0.8.RELEASE\spring-context-5.0.8.RELEASE.jar;C:\Devon-dist_3.0.0\conf\.m2\repository\org\springframework\spring-core\5.0.8.RELEASE\spring-core-5.0.8.RELEASE.jar;C:\Devon-dist_3.0.0\conf\.m2\repository\org\springframework\spring-jcl\5.0.8.RELEASE\spring-jcl-5.0.8.RELEASE.jar;C:\Devon-dist_3.0.0\conf\.m2\repository\org\springframework\spring-expression\5.0.8.RELEASE\spring-expression-5.0.8.RELEASE.jar;C:\Devon-dist_3.0.0\conf\.m2\repository\com\h2database\h2\1.4.197\h2-1.4.197.jar;C:\Devon-dist_3.0.0\conf\.m2\repository\org\flywaydb\flyway-core\5.0.7\flyway-core-5.0.7.jar;C:\Devon-dist_3.0.0\conf\.m2\repository\org\apache\cxf\cxf-rt-rs-service-description\3.2.5\cxf-rt-rs-service-description-3.2.5.jar;C:\Devon-dist_3.0.0\conf\.m2\repository\org\apache\cxf\cxf-rt-frontend-jaxrs\3.2.5\cxf-rt-frontend-jaxrs-3.2.5.jar;C:\Devon-dist_3.0.0\conf\.m2\repository\org\apache\cxf\cxf-core\3.2.5\cxf-core-3.2.5.jar;C:\Devon-dist_3.0.0\conf\.m2\repository\com\fasterxml\woodstox\woodstox-core\5.0.3\woodstox-core-5.0.3.jar;C:\Devon-dist_3.0.0\conf\.m2\repository\org\codehaus\woodstox\stax2-api\3.1.4\stax2-api-3.1.4.jar;C:\Devon-dist_3.0.0\conf\.m2\repository\org\apache\ws\xmlschema\xmlschema-core\2.2.3\xmlschema-core-2.2.3.jar;C:\Devon-dist_3.0.0\conf\.m2\repository\org\apache\cxf\cxf-rt-transports-http\3.2.5\cxf-rt-transports-http-3.2.5.jar;C:\Devon-dist_3.0.0\conf\.m2\repository\org\springframework\boot\spring-boot-starter-actuator\2.0.4.RELEASE\spring-boot-starter-actuator-2.0.4.RELEASE.jar;C:\Devon-dist_3.0.0\conf\.m2\repository\org\springframework\boot\spring-boot-actuator-autoconfigure\2.0.4.RELEASE\spring-boot-actuator-autoconfigure-2.0.4.RELEASE.jar;C:\Devon-dist_3.0.0\conf\.m2\repository\org\springframework\boot\spring-boot-actuator\2.0.4.RELEASE\spring-boot-actuator-2.0.4.RELEASE.jar;C:\Devon-dist_3.0.0\conf\.m2\repository\com\fasterxml\jackson\datatype\jackson-datatype-jsr310\2.9.6\jackson-datatype-jsr310-2.9.6.jar;C:\Devon-dist_3.0.0\conf\.m2\repository\io\micrometer\micrometer-core\1.0.6\micrometer-core-1.0.6.jar;C:\Devon-dist_3.0.0\conf\.m2\repository\org\hdrhistogram\HdrHistogram\2.1.10\HdrHistogram-2.1.10.jar;C:\Devon-dist_3.0.0\conf\.m2\repository\org\latencyutils\LatencyUtils\2.0.3\LatencyUtils-2.0.3.jar;C:\Devon-dist_3.0.0\conf\.m2\repository\org\springframework\spring-aop\5.0.8.RELEASE\spring-aop-5.0.8.RELEASE.jar;C:\Devon-dist_3.0.0\conf\.m2\repository\cglib\cglib\3.2.5\cglib-3.2.5.jar;C:\Devon-dist_3.0.0\conf\.m2\repository\org\ow2\asm\asm\5.2\asm-5.2.jar;C:\Devon-dist_3.0.0\conf\.m2\repository\org\apache\ant\ant\1.9.6\ant-1.9.6.jar;C:\Devon-dist_3.0.0\conf\.m2\repository\org\apache\ant\ant-launcher\1.9.6\ant-launcher-1.9.6.jar;C:\Devon-dist_3.0.0\conf\.m2\repository\net\logstash\logback\logstash-logback-encoder\5.2\logstash-logback-encoder-5.2.jar;C:\Devon-dist_3.0.0\conf\.m2\repository\com\devonfw\java\modules\devon4j-test\3.0.0\devon4j-test-3.0.0.jar;C:\Devon-dist_3.0.0\conf\.m2\repository\org\mockito\mockito-core\2.15.0\mockito-core-2.15.0.jar;C:\Devon-dist_3.0.0\conf\.m2\repository\net\bytebuddy\byte-buddy-agent\1.7.11\byte-buddy-agent-1.7.11.jar;C:\Devon-dist_3.0.0\conf\.m2\repository\org\objenesis\objenesis\2.6\objenesis-2.6.jar;C:\Devon-dist_3.0.0\conf\.m2\repository\org\springframework\boot\spring-boot-starter-test\2.0.4.RELEASE\spring-boot-starter-test-2.0.4.RELEASE.jar;C:\Devon-dist_3.0.0\conf\.m2\repository\org\springframework\boot\spring-boot-test\2.0.4.RELEASE\spring-boot-test-2.0.4.RELEASE.jar;C:\Devon-dist_3.0.0\conf\.m2\repository\org\springframework\boot\spring-boot-test-autoconfigure\2.0.4.RELEASE\spring-boot-test-autoconfigure-2.0.4.RELEASE.jar;C:\Devon-dist_3.0.0\conf\.m2\repository\com\jayway\jsonpath\json-path\2.4.0\json-path-2.4.0.jar;C:\Devon-dist_3.0.0\conf\.m2\repository\net\minidev\json-smart\2.3\json-smart-2.3.jar;C:\Devon-dist_3.0.0\conf\.m2\repository\net\minidev\accessors-smart\1.2\accessors-smart-1.2.jar;C:\Devon-dist_3.0.0\conf\.m2\repository\org\assertj\assertj-core\3.9.1\assertj-core-3.9.1.jar;C:\Devon-dist_3.0.0\conf\.m2\repository\org\hamcrest\hamcrest-core\1.3\hamcrest-core-1.3.jar;C:\Devon-dist_3.0.0\conf\.m2\repository\org\hamcrest\hamcrest-library\1.3\hamcrest-library-1.3.jar;C:\Devon-dist_3.0.0\conf\.m2\repository\org\springframework\spring-test\5.0.8.RELEASE\spring-test-5.0.8.RELEASE.jar;C:\Devon-dist_3.0.0\conf\.m2\repository\org\xmlunit\xmlunit-core\2.5.1\xmlunit-core-2.5.1.jar;C:\Devon-dist_3.0.0\conf\.m2\repository\org\springframework\boot\spring-boot-starter-web\2.0.4.RELEASE\spring-boot-starter-web-2.0.4.RELEASE.jar;C:\Devon-dist_3.0.0\conf\.m2\repository\org\springframework\boot\spring-boot-starter-json\2.0.4.RELEASE\spring-boot-starter-json-2.0.4.RELEASE.jar;C:\Devon-dist_3.0.0\conf\.m2\repository\com\fasterxml\jackson\datatype\jackson-datatype-jdk8\2.9.6\jackson-datatype-jdk8-2.9.6.jar;C:\Devon-dist_3.0.0\conf\.m2\repository\com\fasterxml\jackson\module\jackson-module-parameter-names\2.9.6\jackson-module-parameter-names-2.9.6.jar;C:\Devon-dist_3.0.0\conf\.m2\repository\org\skyscreamer\jsonassert\1.5.0\jsonassert-1.5.0.jar;C:\Devon-dist_3.0.0\conf\.m2\repository\com\vaadin\external\google\android-json\0.0.20131108.vaadin1\android-json-0.0.20131108.vaadin1.jar;C:\Devon-dist_3.0.0\conf\.m2\repository\org\springframework\boot\spring-boot-starter-tomcat\2.0.4.RELEASE\spring-boot-starter-tomcat-2.0.4.RELEASE.jar;C:\Devon-dist_3.0.0\conf\.m2\repository\org\apache\tomcat\embed\tomcat-embed-core\8.5.32\tomcat-embed-core-8.5.32.jar;C:\Devon-dist_3.0.0\conf\.m2\repository\org\apache\tomcat\embed\tomcat-embed-el\8.5.32\tomcat-embed-el-8.5.32.jar;C:\Devon-dist_3.0.0\conf\.m2\repository\org\apache\tomcat\embed\tomcat-embed-websocket\8.5.32\tomcat-embed-websocket-8.5.32.jar;C:\Devon-dist_3.0.0\conf\.m2\repository\junit\junit\4.12\junit-4.12.jar;C:\Devon-dist_3.0.0\conf\.m2\repository\org\slf4j\slf4j-api\1.7.25\slf4j-api-1.7.25.jar;"/>
    <property name="java.vm.vendor" value="Oracle Corporation"/>
    <property name="sun.arch.data.model" value="64"/>
    <property name="user.variant" value=""/>
    <property name="java.vendor.url" value="http://java.oracle.com/"/>
    <property name="user.timezone" value=""/>
    <property name="user.country.format" value="ES"/>
    <property name="java.vm.specification.version" value="1.8"/>
    <property name="os.name" value="Windows 10"/>
    <property name="user.country" value="US"/>
    <property name="sun.java.launcher" value="SUN_STANDARD"/>
    <property name="sun.boot.library.path" value="C:\Devon-dist_3.0.0\software\java\jre\bin"/>
    <property name="sun.java.command" value="C:\Users\jdelsazg\AppData\Local\Temp\surefire2196511067606361550\surefirebooter8980179809467980821.jar C:\Users\jdelsazg\AppData\Local\Temp\surefire2196511067606361550 2019-01-30T08-25-38_997-jvmRun1 surefire4784235307477427659tmp surefire_04107363036650564858tmp"/>
    <property name="surefire.test.class.path" value="C:\Devon-dist_3.0.0\workspaces\tasklist\tasklist\core\target\test-classes;C:\Devon-dist_3.0.0\workspaces\tasklist\tasklist\core\target\classes;C:\Devon-dist_3.0.0\workspaces\tasklist\tasklist\api\target\tasklist-api-v1.jar;C:\Devon-dist_3.0.0\conf\.m2\repository\org\springframework\data\spring-data-commons\2.0.9.RELEASE\spring-data-commons-2.0.9.RELEASE.jar;C:\Devon-dist_3.0.0\conf\.m2\repository\com\devonfw\java\modules\devon4j-rest\3.0.0\devon4j-rest-3.0.0.jar;C:\Devon-dist_3.0.0\conf\.m2\repository\com\fasterxml\jackson\jaxrs\jackson-jaxrs-json-provider\2.9.6\jackson-jaxrs-json-provider-2.9.6.jar;C:\Devon-dist_3.0.0\conf\.m2\repository\com\fasterxml\jackson\jaxrs\jackson-jaxrs-base\2.9.6\jackson-jaxrs-base-2.9.6.jar;C:\Devon-dist_3.0.0\conf\.m2\repository\com\fasterxml\jackson\module\jackson-module-jaxb-annotations\2.9.6\jackson-module-jaxb-annotations-2.9.6.jar;C:\Devon-dist_3.0.0\conf\.m2\repository\javax\ws\rs\javax.ws.rs-api\2.1\javax.ws.rs-api-2.1.jar;C:\Devon-dist_3.0.0\conf\.m2\repository\com\devonfw\java\modules\devon4j-service\3.0.0\devon4j-service-3.0.0.jar;C:\Devon-dist_3.0.0\conf\.m2\repository\com\devonfw\java\modules\devon4j-json\3.0.0\devon4j-json-3.0.0.jar;C:\Devon-dist_3.0.0\conf\.m2\repository\net\sf\m-m-m\mmm-util-validation\7.6.1\mmm-util-validation-7.6.1.jar;C:\Devon-dist_3.0.0\conf\.m2\repository\net\sf\m-m-m\mmm-util-pojopath\7.6.1\mmm-util-pojopath-7.6.1.jar;C:\Devon-dist_3.0.0\conf\.m2\repository\net\sf\m-m-m\mmm-util-value\7.6.1\mmm-util-value-7.6.1.jar;C:\Devon-dist_3.0.0\conf\.m2\repository\net\sf\m-m-m\mmm-util-pojo\7.6.1\mmm-util-pojo-7.6.1.jar;C:\Devon-dist_3.0.0\conf\.m2\repository\net\sf\m-m-m\mmm-util-reflect\7.6.1\mmm-util-reflect-7.6.1.jar;C:\Devon-dist_3.0.0\conf\.m2\repository\net\sf\m-m-m\mmm-util-collection\7.6.1\mmm-util-collection-7.6.1.jar;C:\Devon-dist_3.0.0\conf\.m2\repository\net\sf\m-m-m\mmm-util-math\7.6.1\mmm-util-math-7.6.1.jar;C:\Devon-dist_3.0.0\conf\.m2\repository\net\sf\m-m-m\mmm-util-lang\7.6.1\mmm-util-lang-7.6.1.jar;C:\Devon-dist_3.0.0\conf\.m2\repository\net\sf\m-m-m\mmm-util-exception\7.6.1\mmm-util-exception-7.6.1.jar;C:\Devon-dist_3.0.0\conf\.m2\repository\net\sf\m-m-m\mmm-util-nls\7.6.1\mmm-util-nls-7.6.1.jar;C:\Devon-dist_3.0.0\conf\.m2\repository\net\sf\m-m-m\mmm-util-text\7.6.1\mmm-util-text-7.6.1.jar;C:\Devon-dist_3.0.0\conf\.m2\repository\net\sf\m-m-m\mmm-util-date\7.6.1\mmm-util-date-7.6.1.jar;C:\Devon-dist_3.0.0\conf\.m2\repository\net\sf\m-m-m\mmm-util-scanner\7.6.1\mmm-util-scanner-7.6.1.jar;C:\Devon-dist_3.0.0\conf\.m2\repository\net\sf\m-m-m\mmm-util-session\7.6.1\mmm-util-session-7.6.1.jar;C:\Devon-dist_3.0.0\conf\.m2\repository\org\glassfish\web\javax.el\2.2.6\javax.el-2.2.6.jar;C:\Devon-dist_3.0.0\conf\.m2\repository\com\devonfw\java\modules\devon4j-logging\3.0.0\devon4j-logging-3.0.0.jar;C:\Devon-dist_3.0.0\conf\.m2\repository\ch\qos\logback\logback-classic\1.2.3\logback-classic-1.2.3.jar;C:\Devon-dist_3.0.0\conf\.m2\repository\ch\qos\logback\logback-core\1.2.3\logback-core-1.2.3.jar;C:\Devon-dist_3.0.0\conf\.m2\repository\org\slf4j\jcl-over-slf4j\1.7.25\jcl-over-slf4j-1.7.25.jar;C:\Devon-dist_3.0.0\conf\.m2\repository\org\apache\httpcomponents\httpclient\4.5.6\httpclient-4.5.6.jar;C:\Devon-dist_3.0.0\conf\.m2\repository\org\apache\httpcomponents\httpcore\4.4.10\httpcore-4.4.10.jar;C:\Devon-dist_3.0.0\conf\.m2\repository\commons-codec\commons-codec\1.11\commons-codec-1.11.jar;C:\Devon-dist_3.0.0\conf\.m2\repository\com\devonfw\java\modules\devon4j-beanmapping\3.0.0\devon4j-beanmapping-3.0.0.jar;C:\Devon-dist_3.0.0\conf\.m2\repository\com\devonfw\java\modules\devon4j-basic\3.0.0\devon4j-basic-3.0.0.jar;C:\Devon-dist_3.0.0\conf\.m2\repository\net\sf\dozer\dozer\5.5.1\dozer-5.5.1.jar;C:\Devon-dist_3.0.0\conf\.m2\repository\commons-beanutils\commons-beanutils\1.9.1\commons-beanutils-1.9.1.jar;C:\Devon-dist_3.0.0\conf\.m2\repository\commons-collections\commons-collections\3.2.1\commons-collections-3.2.1.jar;C:\Devon-dist_3.0.0\conf\.m2\repository\org\apache\commons\commons-lang3\3.7\commons-lang3-3.7.jar;C:\Devon-dist_3.0.0\conf\.m2\repository\javax\inject\javax.inject\1\javax.inject-1.jar;C:\Devon-dist_3.0.0\conf\.m2\repository\com\devonfw\java\modules\devon4j-security\3.0.0\devon4j-security-3.0.0.jar;C:\Devon-dist_3.0.0\conf\.m2\repository\org\springframework\spring-web\5.0.8.RELEASE\spring-web-5.0.8.RELEASE.jar;C:\Devon-dist_3.0.0\conf\.m2\repository\org\springframework\security\spring-security-config\5.0.7.RELEASE\spring-security-config-5.0.7.RELEASE.jar;C:\Devon-dist_3.0.0\conf\.m2\repository\org\springframework\security\spring-security-core\5.0.7.RELEASE\spring-security-core-5.0.7.RELEASE.jar;C:\Devon-dist_3.0.0\conf\.m2\repository\org\springframework\security\spring-security-web\5.0.7.RELEASE\spring-security-web-5.0.7.RELEASE.jar;C:\Devon-dist_3.0.0\conf\.m2\repository\javax\annotation\javax.annotation-api\1.3.2\javax.annotation-api-1.3.2.jar;C:\Devon-dist_3.0.0\conf\.m2\repository\com\fasterxml\jackson\core\jackson-databind\2.9.6\jackson-databind-2.9.6.jar;C:\Devon-dist_3.0.0\conf\.m2\repository\com\fasterxml\jackson\core\jackson-annotations\2.9.0\jackson-annotations-2.9.0.jar;C:\Devon-dist_3.0.0\conf\.m2\repository\com\fasterxml\jackson\core\jackson-core\2.9.6\jackson-core-2.9.6.jar;C:\Devon-dist_3.0.0\conf\.m2\repository\com\devonfw\java\modules\devon4j-web\3.0.0\devon4j-web-3.0.0.jar;C:\Devon-dist_3.0.0\conf\.m2\repository\com\devonfw\java\starters\devon4j-starter-cxf-client-rest\3.0.0\devon4j-starter-cxf-client-rest-3.0.0.jar;C:\Devon-dist_3.0.0\conf\.m2\repository\com\devonfw\java\starters\devon4j-starter-cxf-client\3.0.0\devon4j-starter-cxf-client-3.0.0.jar;C:\Devon-dist_3.0.0\conf\.m2\repository\com\devonfw\java\modules\devon4j-cxf-client\3.0.0\devon4j-cxf-client-3.0.0.jar;C:\Devon-dist_3.0.0\conf\.m2\repository\com\devonfw\java\modules\devon4j-cxf-client-rest\3.0.0\devon4j-cxf-client-rest-3.0.0.jar;C:\Devon-dist_3.0.0\conf\.m2\repository\org\apache\cxf\cxf-rt-rs-client\3.2.5\cxf-rt-rs-client-3.2.5.jar;C:\Devon-dist_3.0.0\conf\.m2\repository\com\devonfw\java\starters\devon4j-starter-cxf-client-ws\3.0.0\devon4j-starter-cxf-client-ws-3.0.0.jar;C:\Devon-dist_3.0.0\conf\.m2\repository\com\devonfw\java\modules\devon4j-cxf-client-ws\3.0.0\devon4j-cxf-client-ws-3.0.0.jar;C:\Devon-dist_3.0.0\conf\.m2\repository\org\apache\cxf\cxf-rt-frontend-jaxws\3.2.5\cxf-rt-frontend-jaxws-3.2.5.jar;C:\Devon-dist_3.0.0\conf\.m2\repository\xml-resolver\xml-resolver\1.2\xml-resolver-1.2.jar;C:\Devon-dist_3.0.0\conf\.m2\repository\org\apache\cxf\cxf-rt-bindings-soap\3.2.5\cxf-rt-bindings-soap-3.2.5.jar;C:\Devon-dist_3.0.0\conf\.m2\repository\org\apache\cxf\cxf-rt-wsdl\3.2.5\cxf-rt-wsdl-3.2.5.jar;C:\Devon-dist_3.0.0\conf\.m2\repository\wsdl4j\wsdl4j\1.6.3\wsdl4j-1.6.3.jar;C:\Devon-dist_3.0.0\conf\.m2\repository\org\apache\cxf\cxf-rt-databinding-jaxb\3.2.5\cxf-rt-databinding-jaxb-3.2.5.jar;C:\Devon-dist_3.0.0\conf\.m2\repository\org\apache\cxf\cxf-rt-bindings-xml\3.2.5\cxf-rt-bindings-xml-3.2.5.jar;C:\Devon-dist_3.0.0\conf\.m2\repository\org\apache\cxf\cxf-rt-frontend-simple\3.2.5\cxf-rt-frontend-simple-3.2.5.jar;C:\Devon-dist_3.0.0\conf\.m2\repository\org\apache\cxf\cxf-rt-ws-addr\3.2.5\cxf-rt-ws-addr-3.2.5.jar;C:\Devon-dist_3.0.0\conf\.m2\repository\org\apache\cxf\cxf-rt-ws-policy\3.2.5\cxf-rt-ws-policy-3.2.5.jar;C:\Devon-dist_3.0.0\conf\.m2\repository\org\apache\neethi\neethi\3.1.1\neethi-3.1.1.jar;C:\Devon-dist_3.0.0\conf\.m2\repository\com\devonfw\java\starters\devon4j-starter-cxf-server-rest\3.0.0\devon4j-starter-cxf-server-rest-3.0.0.jar;C:\Devon-dist_3.0.0\conf\.m2\repository\com\devonfw\java\starters\devon4j-starter-cxf-server\3.0.0\devon4j-starter-cxf-server-3.0.0.jar;C:\Devon-dist_3.0.0\conf\.m2\repository\com\devonfw\java\modules\devon4j-cxf-server\3.0.0\devon4j-cxf-server-3.0.0.jar;C:\Devon-dist_3.0.0\conf\.m2\repository\com\devonfw\java\modules\devon4j-cxf-server-rest\3.0.0\devon4j-cxf-server-rest-3.0.0.jar;C:\Devon-dist_3.0.0\conf\.m2\repository\com\devonfw\java\starters\devon4j-starter-cxf-server-ws\3.0.0\devon4j-starter-cxf-server-ws-3.0.0.jar;C:\Devon-dist_3.0.0\conf\.m2\repository\com\devonfw\java\modules\devon4j-cxf-server-ws\3.0.0\devon4j-cxf-server-ws-3.0.0.jar;C:\Devon-dist_3.0.0\conf\.m2\repository\org\springframework\boot\spring-boot-starter-web-services\2.0.4.RELEASE\spring-boot-starter-web-services-2.0.4.RELEASE.jar;C:\Devon-dist_3.0.0\conf\.m2\repository\org\springframework\spring-oxm\5.0.8.RELEASE\spring-oxm-5.0.8.RELEASE.jar;C:\Devon-dist_3.0.0\conf\.m2\repository\org\springframework\ws\spring-ws-core\3.0.3.RELEASE\spring-ws-core-3.0.3.RELEASE.jar;C:\Devon-dist_3.0.0\conf\.m2\repository\org\springframework\ws\spring-xml\3.0.3.RELEASE\spring-xml-3.0.3.RELEASE.jar;C:\Devon-dist_3.0.0\conf\.m2\repository\commons-io\commons-io\2.5\commons-io-2.5.jar;C:\Devon-dist_3.0.0\conf\.m2\repository\com\devonfw\java\starters\devon4j-starter-spring-data-jpa\3.0.0\devon4j-starter-spring-data-jpa-3.0.0.jar;C:\Devon-dist_3.0.0\conf\.m2\repository\com\devonfw\java\modules\devon4j-jpa-spring-data\3.0.0\devon4j-jpa-spring-data-3.0.0.jar;C:\Devon-dist_3.0.0\conf\.m2\repository\com\devonfw\java\modules\devon4j-jpa-basic\3.0.0\devon4j-jpa-basic-3.0.0.jar;C:\Devon-dist_3.0.0\conf\.m2\repository\org\springframework\data\spring-data-jpa\2.0.9.RELEASE\spring-data-jpa-2.0.9.RELEASE.jar;C:\Devon-dist_3.0.0\conf\.m2\repository\org\springframework\spring-orm\5.0.8.RELEASE\spring-orm-5.0.8.RELEASE.jar;C:\Devon-dist_3.0.0\conf\.m2\repository\org\aspectj\aspectjrt\1.8.13\aspectjrt-1.8.13.jar;C:\Devon-dist_3.0.0\conf\.m2\repository\org\aspectj\aspectjweaver\1.8.13\aspectjweaver-1.8.13.jar;C:\Devon-dist_3.0.0\conf\.m2\repository\org\springframework\boot\spring-boot-starter-data-jpa\2.0.4.RELEASE\spring-boot-starter-data-jpa-2.0.4.RELEASE.jar;C:\Devon-dist_3.0.0\conf\.m2\repository\org\springframework\boot\spring-boot-starter-aop\2.0.4.RELEASE\spring-boot-starter-aop-2.0.4.RELEASE.jar;C:\Devon-dist_3.0.0\conf\.m2\repository\javax\transaction\javax.transaction-api\1.2\javax.transaction-api-1.2.jar;C:\Devon-dist_3.0.0\conf\.m2\repository\org\springframework\spring-aspects\5.0.8.RELEASE\spring-aspects-5.0.8.RELEASE.jar;C:\Devon-dist_3.0.0\conf\.m2\repository\org\springframework\boot\spring-boot-starter-jdbc\2.0.4.RELEASE\spring-boot-starter-jdbc-2.0.4.RELEASE.jar;C:\Devon-dist_3.0.0\conf\.m2\repository\org\springframework\boot\spring-boot-starter\2.0.4.RELEASE\spring-boot-starter-2.0.4.RELEASE.jar;C:\Devon-dist_3.0.0\conf\.m2\repository\org\springframework\boot\spring-boot\2.0.4.RELEASE\spring-boot-2.0.4.RELEASE.jar;C:\Devon-dist_3.0.0\conf\.m2\repository\org\springframework\boot\spring-boot-autoconfigure\2.0.4.RELEASE\spring-boot-autoconfigure-2.0.4.RELEASE.jar;C:\Devon-dist_3.0.0\conf\.m2\repository\org\springframework\boot\spring-boot-starter-logging\2.0.4.RELEASE\spring-boot-starter-logging-2.0.4.RELEASE.jar;C:\Devon-dist_3.0.0\conf\.m2\repository\org\apache\logging\log4j\log4j-to-slf4j\2.10.0\log4j-to-slf4j-2.10.0.jar;C:\Devon-dist_3.0.0\conf\.m2\repository\org\apache\logging\log4j\log4j-api\2.10.0\log4j-api-2.10.0.jar;C:\Devon-dist_3.0.0\conf\.m2\repository\org\slf4j\jul-to-slf4j\1.7.25\jul-to-slf4j-1.7.25.jar;C:\Devon-dist_3.0.0\conf\.m2\repository\org\yaml\snakeyaml\1.19\snakeyaml-1.19.jar;C:\Devon-dist_3.0.0\conf\.m2\repository\com\zaxxer\HikariCP\2.7.9\HikariCP-2.7.9.jar;C:\Devon-dist_3.0.0\conf\.m2\repository\org\springframework\spring-jdbc\5.0.8.RELEASE\spring-jdbc-5.0.8.RELEASE.jar;C:\Devon-dist_3.0.0\conf\.m2\repository\org\springframework\spring-tx\5.0.8.RELEASE\spring-tx-5.0.8.RELEASE.jar;C:\Devon-dist_3.0.0\conf\.m2\repository\org\hibernate\javax\persistence\hibernate-jpa-2.1-api\1.0.2.Final\hibernate-jpa-2.1-api-1.0.2.Final.jar;C:\Devon-dist_3.0.0\conf\.m2\repository\org\hibernate\hibernate-entitymanager\5.2.17.Final\hibernate-entitymanager-5.2.17.Final.jar;C:\Devon-dist_3.0.0\conf\.m2\repository\org\jboss\logging\jboss-logging\3.3.2.Final\jboss-logging-3.3.2.Final.jar;C:\Devon-dist_3.0.0\conf\.m2\repository\org\hibernate\hibernate-core\5.2.17.Final\hibernate-core-5.2.17.Final.jar;C:\Devon-dist_3.0.0\conf\.m2\repository\antlr\antlr\2.7.7\antlr-2.7.7.jar;C:\Devon-dist_3.0.0\conf\.m2\repository\org\jboss\jandex\2.0.3.Final\jandex-2.0.3.Final.jar;C:\Devon-dist_3.0.0\conf\.m2\repository\dom4j\dom4j\1.6.1\dom4j-1.6.1.jar;C:\Devon-dist_3.0.0\conf\.m2\repository\org\hibernate\common\hibernate-commons-annotations\5.0.1.Final\hibernate-commons-annotations-5.0.1.Final.jar;C:\Devon-dist_3.0.0\conf\.m2\repository\org\javassist\javassist\3.22.0-GA\javassist-3.22.0-GA.jar;C:\Devon-dist_3.0.0\conf\.m2\repository\net\bytebuddy\byte-buddy\1.7.11\byte-buddy-1.7.11.jar;C:\Devon-dist_3.0.0\conf\.m2\repository\org\jboss\spec\javax\transaction\jboss-transaction-api_1.2_spec\1.0.1.Final\jboss-transaction-api_1.2_spec-1.0.1.Final.jar;C:\Devon-dist_3.0.0\conf\.m2\repository\com\querydsl\querydsl-jpa\4.1.4\querydsl-jpa-4.1.4.jar;C:\Devon-dist_3.0.0\conf\.m2\repository\com\querydsl\querydsl-core\4.1.4\querydsl-core-4.1.4.jar;C:\Devon-dist_3.0.0\conf\.m2\repository\com\google\guava\guava\17.0\guava-17.0.jar;C:\Devon-dist_3.0.0\conf\.m2\repository\com\google\code\findbugs\jsr305\1.3.9\jsr305-1.3.9.jar;C:\Devon-dist_3.0.0\conf\.m2\repository\com\mysema\commons\mysema-commons-lang\0.2.4\mysema-commons-lang-0.2.4.jar;C:\Devon-dist_3.0.0\conf\.m2\repository\com\infradna\tool\bridge-method-annotation\1.13\bridge-method-annotation-1.13.jar;C:\Devon-dist_3.0.0\conf\.m2\repository\com\querydsl\querydsl-apt\4.1.4\querydsl-apt-4.1.4.jar;C:\Devon-dist_3.0.0\conf\.m2\repository\com\querydsl\querydsl-codegen\4.1.4\querydsl-codegen-4.1.4.jar;C:\Devon-dist_3.0.0\conf\.m2\repository\com\mysema\codegen\codegen\0.6.8\codegen-0.6.8.jar;C:\Devon-dist_3.0.0\conf\.m2\repository\org\eclipse\jdt\core\compiler\ecj\4.3.1\ecj-4.3.1.jar;C:\Devon-dist_3.0.0\conf\.m2\repository\org\reflections\reflections\0.9.9\reflections-0.9.9.jar;C:\Devon-dist_3.0.0\conf\.m2\repository\com\google\code\findbugs\annotations\2.0.1\annotations-2.0.1.jar;C:\Devon-dist_3.0.0\conf\.m2\repository\javax\jdo\jdo-api\3.0.1\jdo-api-3.0.1.jar;C:\Devon-dist_3.0.0\conf\.m2\repository\javax\transaction\jta\1.1\jta-1.1.jar;C:\Devon-dist_3.0.0\conf\.m2\repository\org\hibernate\validator\hibernate-validator\6.0.11.Final\hibernate-validator-6.0.11.Final.jar;C:\Devon-dist_3.0.0\conf\.m2\repository\javax\validation\validation-api\2.0.1.Final\validation-api-2.0.1.Final.jar;C:\Devon-dist_3.0.0\conf\.m2\repository\com\fasterxml\classmate\1.3.4\classmate-1.3.4.jar;C:\Devon-dist_3.0.0\conf\.m2\repository\javax\servlet\javax.servlet-api\3.1.0\javax.servlet-api-3.1.0.jar;C:\Devon-dist_3.0.0\conf\.m2\repository\javax\el\javax.el-api\3.0.0\javax.el-api-3.0.0.jar;C:\Devon-dist_3.0.0\conf\.m2\repository\org\springframework\spring-webmvc\5.0.8.RELEASE\spring-webmvc-5.0.8.RELEASE.jar;C:\Devon-dist_3.0.0\conf\.m2\repository\org\springframework\spring-beans\5.0.8.RELEASE\spring-beans-5.0.8.RELEASE.jar;C:\Devon-dist_3.0.0\conf\.m2\repository\org\springframework\spring-context\5.0.8.RELEASE\spring-context-5.0.8.RELEASE.jar;C:\Devon-dist_3.0.0\conf\.m2\repository\org\springframework\spring-core\5.0.8.RELEASE\spring-core-5.0.8.RELEASE.jar;C:\Devon-dist_3.0.0\conf\.m2\repository\org\springframework\spring-jcl\5.0.8.RELEASE\spring-jcl-5.0.8.RELEASE.jar;C:\Devon-dist_3.0.0\conf\.m2\repository\org\springframework\spring-expression\5.0.8.RELEASE\spring-expression-5.0.8.RELEASE.jar;C:\Devon-dist_3.0.0\conf\.m2\repository\com\h2database\h2\1.4.197\h2-1.4.197.jar;C:\Devon-dist_3.0.0\conf\.m2\repository\org\flywaydb\flyway-core\5.0.7\flyway-core-5.0.7.jar;C:\Devon-dist_3.0.0\conf\.m2\repository\org\apache\cxf\cxf-rt-rs-service-description\3.2.5\cxf-rt-rs-service-description-3.2.5.jar;C:\Devon-dist_3.0.0\conf\.m2\repository\org\apache\cxf\cxf-rt-frontend-jaxrs\3.2.5\cxf-rt-frontend-jaxrs-3.2.5.jar;C:\Devon-dist_3.0.0\conf\.m2\repository\org\apache\cxf\cxf-core\3.2.5\cxf-core-3.2.5.jar;C:\Devon-dist_3.0.0\conf\.m2\repository\com\fasterxml\woodstox\woodstox-core\5.0.3\woodstox-core-5.0.3.jar;C:\Devon-dist_3.0.0\conf\.m2\repository\org\codehaus\woodstox\stax2-api\3.1.4\stax2-api-3.1.4.jar;C:\Devon-dist_3.0.0\conf\.m2\repository\org\apache\ws\xmlschema\xmlschema-core\2.2.3\xmlschema-core-2.2.3.jar;C:\Devon-dist_3.0.0\conf\.m2\repository\org\apache\cxf\cxf-rt-transports-http\3.2.5\cxf-rt-transports-http-3.2.5.jar;C:\Devon-dist_3.0.0\conf\.m2\repository\org\springframework\boot\spring-boot-starter-actuator\2.0.4.RELEASE\spring-boot-starter-actuator-2.0.4.RELEASE.jar;C:\Devon-dist_3.0.0\conf\.m2\repository\org\springframework\boot\spring-boot-actuator-autoconfigure\2.0.4.RELEASE\spring-boot-actuator-autoconfigure-2.0.4.RELEASE.jar;C:\Devon-dist_3.0.0\conf\.m2\repository\org\springframework\boot\spring-boot-actuator\2.0.4.RELEASE\spring-boot-actuator-2.0.4.RELEASE.jar;C:\Devon-dist_3.0.0\conf\.m2\repository\com\fasterxml\jackson\datatype\jackson-datatype-jsr310\2.9.6\jackson-datatype-jsr310-2.9.6.jar;C:\Devon-dist_3.0.0\conf\.m2\repository\io\micrometer\micrometer-core\1.0.6\micrometer-core-1.0.6.jar;C:\Devon-dist_3.0.0\conf\.m2\repository\org\hdrhistogram\HdrHistogram\2.1.10\HdrHistogram-2.1.10.jar;C:\Devon-dist_3.0.0\conf\.m2\repository\org\latencyutils\LatencyUtils\2.0.3\LatencyUtils-2.0.3.jar;C:\Devon-dist_3.0.0\conf\.m2\repository\org\springframework\spring-aop\5.0.8.RELEASE\spring-aop-5.0.8.RELEASE.jar;C:\Devon-dist_3.0.0\conf\.m2\repository\cglib\cglib\3.2.5\cglib-3.2.5.jar;C:\Devon-dist_3.0.0\conf\.m2\repository\org\ow2\asm\asm\5.2\asm-5.2.jar;C:\Devon-dist_3.0.0\conf\.m2\repository\org\apache\ant\ant\1.9.6\ant-1.9.6.jar;C:\Devon-dist_3.0.0\conf\.m2\repository\org\apache\ant\ant-launcher\1.9.6\ant-launcher-1.9.6.jar;C:\Devon-dist_3.0.0\conf\.m2\repository\net\logstash\logback\logstash-logback-encoder\5.2\logstash-logback-encoder-5.2.jar;C:\Devon-dist_3.0.0\conf\.m2\repository\com\devonfw\java\modules\devon4j-test\3.0.0\devon4j-test-3.0.0.jar;C:\Devon-dist_3.0.0\conf\.m2\repository\org\mockito\mockito-core\2.15.0\mockito-core-2.15.0.jar;C:\Devon-dist_3.0.0\conf\.m2\repository\net\bytebuddy\byte-buddy-agent\1.7.11\byte-buddy-agent-1.7.11.jar;C:\Devon-dist_3.0.0\conf\.m2\repository\org\objenesis\objenesis\2.6\objenesis-2.6.jar;C:\Devon-dist_3.0.0\conf\.m2\repository\org\springframework\boot\spring-boot-starter-test\2.0.4.RELEASE\spring-boot-starter-test-2.0.4.RELEASE.jar;C:\Devon-dist_3.0.0\conf\.m2\repository\org\springframework\boot\spring-boot-test\2.0.4.RELEASE\spring-boot-test-2.0.4.RELEASE.jar;C:\Devon-dist_3.0.0\conf\.m2\repository\org\springframework\boot\spring-boot-test-autoconfigure\2.0.4.RELEASE\spring-boot-test-autoconfigure-2.0.4.RELEASE.jar;C:\Devon-dist_3.0.0\conf\.m2\repository\com\jayway\jsonpath\json-path\2.4.0\json-path-2.4.0.jar;C:\Devon-dist_3.0.0\conf\.m2\repository\net\minidev\json-smart\2.3\json-smart-2.3.jar;C:\Devon-dist_3.0.0\conf\.m2\repository\net\minidev\accessors-smart\1.2\accessors-smart-1.2.jar;C:\Devon-dist_3.0.0\conf\.m2\repository\org\assertj\assertj-core\3.9.1\assertj-core-3.9.1.jar;C:\Devon-dist_3.0.0\conf\.m2\repository\org\hamcrest\hamcrest-core\1.3\hamcrest-core-1.3.jar;C:\Devon-dist_3.0.0\conf\.m2\repository\org\hamcrest\hamcrest-library\1.3\hamcrest-library-1.3.jar;C:\Devon-dist_3.0.0\conf\.m2\repository\org\springframework\spring-test\5.0.8.RELEASE\spring-test-5.0.8.RELEASE.jar;C:\Devon-dist_3.0.0\conf\.m2\repository\org\xmlunit\xmlunit-core\2.5.1\xmlunit-core-2.5.1.jar;C:\Devon-dist_3.0.0\conf\.m2\repository\org\springframework\boot\spring-boot-starter-web\2.0.4.RELEASE\spring-boot-starter-web-2.0.4.RELEASE.jar;C:\Devon-dist_3.0.0\conf\.m2\repository\org\springframework\boot\spring-boot-starter-json\2.0.4.RELEASE\spring-boot-starter-json-2.0.4.RELEASE.jar;C:\Devon-dist_3.0.0\conf\.m2\repository\com\fasterxml\jackson\datatype\jackson-datatype-jdk8\2.9.6\jackson-datatype-jdk8-2.9.6.jar;C:\Devon-dist_3.0.0\conf\.m2\repository\com\fasterxml\jackson\module\jackson-module-parameter-names\2.9.6\jackson-module-parameter-names-2.9.6.jar;C:\Devon-dist_3.0.0\conf\.m2\repository\org\skyscreamer\jsonassert\1.5.0\jsonassert-1.5.0.jar;C:\Devon-dist_3.0.0\conf\.m2\repository\com\vaadin\external\google\android-json\0.0.20131108.vaadin1\android-json-0.0.20131108.vaadin1.jar;C:\Devon-dist_3.0.0\conf\.m2\repository\org\springframework\boot\spring-boot-starter-tomcat\2.0.4.RELEASE\spring-boot-starter-tomcat-2.0.4.RELEASE.jar;C:\Devon-dist_3.0.0\conf\.m2\repository\org\apache\tomcat\embed\tomcat-embed-core\8.5.32\tomcat-embed-core-8.5.32.jar;C:\Devon-dist_3.0.0\conf\.m2\repository\org\apache\tomcat\embed\tomcat-embed-el\8.5.32\tomcat-embed-el-8.5.32.jar;C:\Devon-dist_3.0.0\conf\.m2\repository\org\apache\tomcat\embed\tomcat-embed-websocket\8.5.32\tomcat-embed-websocket-8.5.32.jar;C:\Devon-dist_3.0.0\conf\.m2\repository\junit\junit\4.12\junit-4.12.jar;C:\Devon-dist_3.0.0\conf\.m2\repository\org\slf4j\slf4j-api\1.7.25\slf4j-api-1.7.25.jar;"/>
    <property name="sun.cpu.endian" value="little"/>
    <property name="user.home" value="C:\Users\jdelsazg"/>
    <property name="user.language" value="en"/>
    <property name="java.specification.vendor" value="Oracle Corporation"/>
    <property name="java.home" value="C:\Devon-dist_3.0.0\software\java\jre"/>
    <property name="basedir" value="C:\Devon-dist_3.0.0\workspaces\tasklist\tasklist\core"/>
    <property name="file.separator" value="\"/>
    <property name="line.separator" value="&#10;"/>
    <property name="java.vm.specification.vendor" value="Oracle Corporation"/>
    <property name="java.specification.name" value="Java Platform API Specification"/>
    <property name="java.awt.graphicsenv" value="sun.awt.Win32GraphicsEnvironment"/>
    <property name="surefire.real.class.path" value="C:\Users\jdelsazg\AppData\Local\Temp\surefire2196511067606361550\surefirebooter8980179809467980821.jar;C:\\Devon-dist_3.0.0\\conf\\.m2\\repository\\org\\jacoco\\org.jacoco.agent\\0.8.0\\org.jacoco.agent-0.8.0-runtime.jar"/>
    <property name="sun.boot.class.path" value="C:\Devon-dist_3.0.0\software\java\jre\lib\resources.jar;C:\Devon-dist_3.0.0\software\java\jre\lib\rt.jar;C:\Devon-dist_3.0.0\software\java\jre\lib\sunrsasign.jar;C:\Devon-dist_3.0.0\software\java\jre\lib\jsse.jar;C:\Devon-dist_3.0.0\software\java\jre\lib\jce.jar;C:\Devon-dist_3.0.0\software\java\jre\lib\charsets.jar;C:\Devon-dist_3.0.0\software\java\jre\lib\jfr.jar;C:\Devon-dist_3.0.0\software\java\jre\classes"/>
    <property name="user.script" value=""/>
    <property name="sun.management.compiler" value="HotSpot 64-Bit Tiered Compilers"/>
    <property name="java.runtime.version" value="1.8.0_192-b12"/>
    <property name="user.name" value="jdelsazg"/>
    <property name="path.separator" value=";"/>
    <property name="os.version" value="10.0"/>
    <property name="java.endorsed.dirs" value="C:\Devon-dist_3.0.0\software\java\jre\lib\endorsed"/>
    <property name="java.runtime.name" value="Java(TM) SE Runtime Environment"/>
    <property name="file.encoding" value="Cp1252"/>
    <property name="java.vm.name" value="Java HotSpot(TM) 64-Bit Server VM"/>
    <property name="localRepository" value="C:\Devon-dist_3.0.0\conf\.m2\repository"/>
    <property name="java.vendor.url.bug" value="http://bugreport.sun.com/bugreport/"/>
    <property name="java.io.tmpdir" value="C:\Users\jdelsazg\AppData\Local\Temp\"/>
    <property name="java.version" value="1.8.0_192"/>
    <property name="user.dir" value="C:\Devon-dist_3.0.0\workspaces\tasklist\tasklist\core"/>
    <property name="os.arch" value="amd64"/>
    <property name="java.vm.specification.name" value="Java Virtual Machine Specification"/>
    <property name="java.awt.printerjob" value="sun.awt.windows.WPrinterJob"/>
    <property name="user.language.format" value="es"/>
    <property name="sun.os.patch.level" value=""/>
    <property name="java.library.path" value="C:\Devon-dist_3.0.0\software\java\jre\bin;C:\WINDOWS\Sun\Java\bin;C:\WINDOWS\system32;C:\WINDOWS;C:\Devon-dist_3.0.0\software\cmder\bin;C:\Devon-dist_3.0.0\software\cmder\vendor\bin;C:\Devon-dist_3.0.0\software\cmder\vendor\conemu-maximus5\ConEmu\Scripts;C:\Devon-dist_3.0.0\software\cmder\vendor\conemu-maximus5;C:\Devon-dist_3.0.0\software\cmder\vendor\conemu-maximus5\ConEmu;C:\Devon-dist_3.0.0\software\vscode\bin;C:\Devon-dist_3.0.0\software\testar\bin;C:\Devon-dist_3.0.0\software\subversion;C:\Devon-dist_3.0.0\software\sonarqube\bin;C:\Devon-dist_3.0.0\software\python3;C:\Devon-dist_3.0.0\software\nodejs;C:\Devon-dist_3.0.0\software\maven\bin;C:\Devon-dist_3.0.0\software\logs;C:\Devon-dist_3.0.0\software\java\bin;C:\Devon-dist_3.0.0\software\jasypt\bin;C:\Devon-dist_3.0.0\software\eclipse;C:\Devon-dist_3.0.0\software\devcon;C:\Devon-dist_3.0.0\software\cmder\bin;C:\Devon-dist_3.0.0\software\ant\bin;C:\ProgramData\Oracle\Java\javapath;C:\WINDOWS\system32;C:\WINDOWS;C:\WINDOWS\System32\Wbem;C:\WINDOWS\System32\WindowsPowerShell\v1.0\;C:\Program Files\Git\cmd;C:\Users\jdelsazg\AppData\Local\Microsoft\WindowsApps;C:\Users\jdelsazg\AppData\Roaming\npm;C:\Program Files\Git\cmd;C:\Program Files\Git\mingw64\bin;C:\Program Files\Git\usr\bin;C:\Devon-dist_3.0.0\software\cmder;."/>
    <property name="java.vm.info" value="mixed mode"/>
    <property name="java.vendor" value="Oracle Corporation"/>
    <property name="java.vm.version" value="25.192-b12"/>
    <property name="java.ext.dirs" value="C:\Devon-dist_3.0.0\software\java\jre\lib\ext;C:\WINDOWS\Sun\Java\lib\ext"/>
    <property name="sun.io.unicode.encoding" value="UnicodeLittle"/>
    <property name="java.class.version" value="52.0"/>
  </properties>
  <testcase name="testPackages" classname="com.capgemini.tasklist.general.common.base.Devon4jPackageCheckTest" time="0.246"/>
</testsuite>